[2025-09-10 13:25:19] [INFO    ] discord: Imagehash exists
[2025-09-10 13:25:19] [WARNING ] discord.client: PyNaCl is not installed, voice will NOT be supported
[2025-09-10 13:25:19] [INFO    ] discord.client: logging in using static token
[2025-09-10 13:25:22] [INFO    ] discord.gateway: Shard ID None has connected to Gateway (Session ID: 8395e2348ef0b91372f67329a5ec8dfc).
[2025-09-10 13:25:24] [INFO    ] discord: We have logged as Helian#1038
[2025-09-10 13:25:24] [INFO    ] discord: 0.0006244182586669922
[2025-09-10 13:25:24] [INFO    ] discord: None
[2025-09-10 13:25:56] [INFO    ] discord: Bot has started
[2025-09-10 13:55:44] [INFO    ] discord: Imagehash exists
[2025-09-10 13:55:44] [WARNING ] discord.client: PyNaCl is not installed, voice will NOT be supported
[2025-09-10 21:44:14] [INFO    ] discord: Imagehash exists
[2025-09-10 21:44:14] [WARNING ] discord.client: PyNaCl is not installed, voice will NOT be supported
[2025-09-10 21:44:14] [INFO    ] discord.client: logging in using static token
[2025-09-10 21:44:17] [INFO    ] discord.gateway: Shard ID None has connected to Gateway (Session ID: 27d9aeec5daf14449d1c49a642dd92ba).
[2025-09-10 21:44:19] [INFO    ] discord: We have logged as Helian#1038
[2025-09-10 21:44:19] [INFO    ] discord: 0.004305601119995117
[2025-09-10 21:44:19] [INFO    ] discord: None
[2025-09-10 21:44:26] [ERROR   ] discord.client: Ignoring exception in on_message
Traceback (most recent call last):
  File "G:\Projects Big\Programming\Discord bot\venv\Lib\site-packages\discord\client.py", line 472, in _run_event
    await coro(*args, **kwargs)
  File "G:\Projects Big\Programming\Discord bot\main.py", line 254, in on_message
    async with previous_lock:
               ^^^^^^^^^^^^^
NameError: name 'previous_lock' is not defined
[2025-09-10 21:44:29] [INFO    ] discord: Bot has started
[2025-09-10 21:44:57] [INFO    ] discord: Imagehash exists
[2025-09-10 21:44:57] [WARNING ] discord.client: PyNaCl is not installed, voice will NOT be supported
[2025-09-10 21:44:57] [INFO    ] discord.client: logging in using static token
[2025-09-10 21:45:00] [INFO    ] discord.gateway: Shard ID None has connected to Gateway (Session ID: a36ba204d6ccde4677c131b22410c7cf).
[2025-09-10 21:45:02] [INFO    ] discord: We have logged as Helian#1038
[2025-09-10 21:45:02] [INFO    ] discord: 0.0010006427764892578
[2025-09-10 21:45:02] [INFO    ] discord: None
[2025-09-10 21:45:13] [INFO    ] discord: New message, start new series
[2025-09-10 21:45:13] [INFO    ] discord: Current count: 1
[2025-09-10 21:45:15] [INFO    ] discord: Same message, count=2
[2025-09-10 21:45:15] [INFO    ] discord: Current count: 2
[2025-09-10 21:45:16] [INFO    ] discord: Same message, count=3
[2025-09-10 21:45:16] [INFO    ] discord: Current count: 3
[2025-09-10 21:45:16] [INFO    ] discord: 3 messages in a row, replying
[2025-09-10 21:45:20] [INFO    ] discord: Same message, count=1
[2025-09-10 21:45:20] [INFO    ] discord: Current count: 1
[2025-09-10 21:45:22] [INFO    ] discord: Same message, count=2
[2025-09-10 21:45:22] [INFO    ] discord: Current count: 2
[2025-09-10 21:45:25] [INFO    ] discord: New message, start new series
[2025-09-10 21:45:25] [INFO    ] discord: Current count: 1
[2025-09-10 21:45:25] [INFO    ] discord: Same message, count=2
[2025-09-10 21:45:25] [INFO    ] discord: Current count: 2
[2025-09-10 21:45:28] [INFO    ] discord: New message, start new series
[2025-09-10 21:45:28] [INFO    ] discord: Current count: 1
[2025-09-10 21:45:30] [INFO    ] discord: New message, start new series
[2025-09-10 21:45:30] [INFO    ] discord: Current count: 1
[2025-09-10 21:45:31] [INFO    ] discord: Same message, count=2
[2025-09-10 21:45:31] [INFO    ] discord: Current count: 2
[2025-09-10 21:45:32] [INFO    ] discord: Same message, count=3
[2025-09-10 21:45:32] [INFO    ] discord: Current count: 3
[2025-09-10 21:45:32] [INFO    ] discord: 3 messages in a row, replying
[2025-09-10 21:45:34] [INFO    ] discord: Same message, count=1
[2025-09-10 21:45:34] [INFO    ] discord: Current count: 1
[2025-09-10 21:45:36] [INFO    ] discord: Same message, count=2
[2025-09-10 21:45:36] [INFO    ] discord: Current count: 2
[2025-09-10 21:45:38] [INFO    ] discord: Same message, count=3
[2025-09-10 21:45:38] [INFO    ] discord: Current count: 3
[2025-09-10 21:47:37] [INFO    ] discord: Bot has started
[2025-09-10 21:47:40] [INFO    ] discord: Imagehash exists
[2025-09-10 21:47:40] [WARNING ] discord.client: PyNaCl is not installed, voice will NOT be supported
[2025-09-10 21:47:40] [INFO    ] discord.client: logging in using static token
[2025-09-10 21:47:41] [INFO    ] discord.gateway: Shard ID None has connected to Gateway (Session ID: cd05e9bc46c3b65c54df3ca608f5cc33).
[2025-09-10 21:47:43] [INFO    ] discord: We have logged as Helian#1038
[2025-09-10 21:47:43] [INFO    ] discord: 0.0005741119384765625
[2025-09-10 21:47:43] [INFO    ] discord: None
[2025-09-10 21:47:49] [INFO    ] discord: New message, start new series
[2025-09-10 21:47:49] [INFO    ] discord: Current count: 1
[2025-09-10 21:47:51] [INFO    ] discord: Same message, count=2
[2025-09-10 21:47:51] [INFO    ] discord: Current count: 2
[2025-09-10 21:47:52] [INFO    ] discord: Same message, count=3
[2025-09-10 21:47:52] [INFO    ] discord: Current count: 3
[2025-09-10 21:47:52] [INFO    ] discord: 3 messages in a row, replying
[2025-09-10 21:47:55] [INFO    ] discord: New message, start new series
[2025-09-10 21:47:55] [INFO    ] discord: Current count: 1
[2025-09-10 21:47:57] [INFO    ] discord: Same message, count=2
[2025-09-10 21:47:57] [INFO    ] discord: Current count: 2
[2025-09-10 21:47:58] [INFO    ] discord: Same message, count=3
[2025-09-10 21:47:58] [INFO    ] discord: Current count: 3
[2025-09-10 21:47:58] [INFO    ] discord: 3 messages in a row, replying
[2025-09-10 21:49:06] [INFO    ] discord: Bot has started
[2025-09-10 21:49:07] [INFO    ] discord: Imagehash exists
[2025-09-10 21:49:07] [WARNING ] discord.client: PyNaCl is not installed, voice will NOT be supported
[2025-09-10 21:49:07] [INFO    ] discord.client: logging in using static token
[2025-09-10 21:49:10] [INFO    ] discord.gateway: Shard ID None has connected to Gateway (Session ID: b2fe290ad62cb2503eb54ba3c4bb05b4).
[2025-09-10 21:49:12] [INFO    ] discord: We have logged as Helian#1038
[2025-09-10 21:49:12] [INFO    ] discord: 0.0
[2025-09-10 21:49:12] [INFO    ] discord: None
[2025-09-10 21:49:21] [INFO    ] discord: New message in channel 1304149985712930889, start new series
[2025-09-10 21:49:24] [INFO    ] discord: Same message in channel 1304149985712930889, count=2
[2025-09-10 21:49:25] [INFO    ] discord: Same message in channel 1304149985712930889, count=3
[2025-09-10 21:49:25] [INFO    ] discord: 3 messages in a row in channel 1304149985712930889, replying
[2025-09-10 21:49:37] [INFO    ] discord: Same message in channel 1304149985712930889, count=1
[2025-09-10 21:49:38] [INFO    ] discord: Same message in channel 1304149985712930889, count=2
[2025-09-10 21:49:40] [INFO    ] discord: Same message in channel 1304149985712930889, count=3
[2025-09-10 21:49:44] [INFO    ] discord: New message in channel 1304149985712930889, start new series
[2025-09-10 21:49:45] [INFO    ] discord: Same message in channel 1304149985712930889, count=2
[2025-09-10 21:49:45] [INFO    ] discord: Same message in channel 1304149985712930889, count=3
[2025-09-10 21:49:45] [INFO    ] discord: 3 messages in a row in channel 1304149985712930889, replying
[2025-09-10 21:49:49] [INFO    ] discord: Same message in channel 1304149985712930889, count=1
[2025-09-10 21:49:50] [INFO    ] discord: Same message in channel 1304149985712930889, count=2
[2025-09-10 21:49:52] [INFO    ] discord: Same message in channel 1304149985712930889, count=3
[2025-09-10 21:49:54] [INFO    ] discord: Same message in channel 1304149985712930889, count=4
[2025-09-10 21:49:56] [INFO    ] discord: Same message in channel 1304149985712930889, count=5
[2025-09-10 21:49:58] [INFO    ] discord: Same message in channel 1304149985712930889, count=6
[2025-09-10 21:49:59] [INFO    ] discord: Same message in channel 1304149985712930889, count=7
[2025-09-10 21:51:51] [INFO    ] discord: Bot has started
[2025-09-10 21:51:52] [INFO    ] discord: Imagehash exists
[2025-09-10 21:51:52] [WARNING ] discord.client: PyNaCl is not installed, voice will NOT be supported
[2025-09-10 21:51:52] [INFO    ] discord.client: logging in using static token
[2025-09-10 21:51:57] [INFO    ] discord.gateway: Shard ID None has connected to Gateway (Session ID: 0c5d1f03dba0c5858dc67ce41206878d).
[2025-09-10 21:51:59] [INFO    ] discord: We have logged as Helian#1038
[2025-09-10 21:51:59] [INFO    ] discord: 0.0
[2025-09-10 21:51:59] [INFO    ] discord: None
[2025-09-10 21:53:50] [INFO    ] discord: Bot has started
[2025-09-10 21:53:52] [INFO    ] discord: Imagehash exists
[2025-09-10 21:53:52] [WARNING ] discord.client: PyNaCl is not installed, voice will NOT be supported
[2025-09-10 21:53:52] [INFO    ] discord.client: logging in using static token
[2025-09-10 21:53:54] [INFO    ] discord.gateway: Shard ID None has connected to Gateway (Session ID: c4fdc051fb5ab64711189cf00a139a69).
[2025-09-10 21:53:56] [INFO    ] discord: We have logged as Helian#1038
[2025-09-10 21:53:56] [INFO    ] discord: 0.0
[2025-09-10 21:53:56] [INFO    ] discord: None
[2025-09-10 21:54:49] [INFO    ] discord: Bot has started
[2025-09-10 21:56:02] [INFO    ] discord: Imagehash exists
[2025-09-10 21:56:02] [WARNING ] discord.client: PyNaCl is not installed, voice will NOT be supported
[2025-09-10 21:56:02] [INFO    ] discord.client: logging in using static token
[2025-09-10 21:56:05] [INFO    ] discord.gateway: Shard ID None has connected to Gateway (Session ID: 13059c7565747f3a1a6c9a0aba1a8869).
[2025-09-10 21:56:07] [INFO    ] discord: We have logged as Helian#1038
[2025-09-10 21:56:07] [INFO    ] discord: 0.0005307197570800781
[2025-09-10 21:56:07] [INFO    ] discord: None
[2025-09-10 21:56:13] [ERROR   ] discord.client: Ignoring exception in on_message
Traceback (most recent call last):
  File "G:\Projects Big\Programming\Discord bot\venv\Lib\site-packages\discord\client.py", line 472, in _run_event
    await coro(*args, **kwargs)
  File "G:\Projects Big\Programming\Discord bot\main.py", line 253, in on_message
    if content.startswith('Helian'):
       ^^^^^^^
UnboundLocalError: cannot access local variable 'content' where it is not associated with a value
[2025-09-10 21:56:14] [ERROR   ] discord.client: Ignoring exception in on_message
Traceback (most recent call last):
  File "G:\Projects Big\Programming\Discord bot\venv\Lib\site-packages\discord\client.py", line 472, in _run_event
    await coro(*args, **kwargs)
  File "G:\Projects Big\Programming\Discord bot\main.py", line 253, in on_message
    if content.startswith('Helian'):
       ^^^^^^^
UnboundLocalError: cannot access local variable 'content' where it is not associated with a value
[2025-09-10 21:56:15] [ERROR   ] discord.client: Ignoring exception in on_message
Traceback (most recent call last):
  File "G:\Projects Big\Programming\Discord bot\venv\Lib\site-packages\discord\client.py", line 472, in _run_event
    await coro(*args, **kwargs)
  File "G:\Projects Big\Programming\Discord bot\main.py", line 253, in on_message
    if content.startswith('Helian'):
       ^^^^^^^
UnboundLocalError: cannot access local variable 'content' where it is not associated with a value
[2025-09-10 21:56:32] [INFO    ] discord: Bot has started
[2025-09-10 21:56:34] [INFO    ] discord: Imagehash exists
[2025-09-10 21:56:34] [WARNING ] discord.client: PyNaCl is not installed, voice will NOT be supported
[2025-09-10 21:56:34] [INFO    ] discord.client: logging in using static token
[2025-09-10 21:56:36] [INFO    ] discord.gateway: Shard ID None has connected to Gateway (Session ID: a51d36effba89f9b58215fc2874c0382).
[2025-09-10 21:56:38] [INFO    ] discord: We have logged as Helian#1038
[2025-09-10 21:56:38] [INFO    ] discord: 0.0009996891021728516
[2025-09-10 21:56:38] [INFO    ] discord: None
[2025-09-10 21:56:43] [INFO    ] discord: Bot has started
[2025-09-10 21:56:44] [INFO    ] discord: Imagehash exists
[2025-09-10 21:56:44] [WARNING ] discord.client: PyNaCl is not installed, voice will NOT be supported
[2025-09-10 21:56:44] [INFO    ] discord.client: logging in using static token
[2025-09-10 21:56:47] [INFO    ] discord.gateway: Shard ID None has connected to Gateway (Session ID: a2eb60b9cf4db01efe21ef7d6ea97ab9).
[2025-09-10 21:56:49] [INFO    ] discord: We have logged as Helian#1038
[2025-09-10 21:56:49] [INFO    ] discord: 0.0006687641143798828
[2025-09-10 21:56:49] [INFO    ] discord: None
[2025-09-10 21:57:17] [INFO    ] discord: Bot has started
[2025-09-10 21:57:19] [INFO    ] discord: Imagehash exists
[2025-09-10 21:57:19] [WARNING ] discord.client: PyNaCl is not installed, voice will NOT be supported
[2025-09-10 21:57:19] [INFO    ] discord.client: logging in using static token
[2025-09-10 21:57:21] [INFO    ] discord.gateway: Shard ID None has connected to Gateway (Session ID: db7073a053b14a32f78eba1be991273a).
[2025-09-10 21:57:23] [INFO    ] discord: We have logged as Helian#1038
[2025-09-10 21:57:23] [INFO    ] discord: 0.0014722347259521484
[2025-09-10 21:57:23] [INFO    ] discord: None
[2025-09-10 21:57:59] [ERROR   ] discord.client: Ignoring exception in on_message
Traceback (most recent call last):
  File "G:\Projects Big\Programming\Discord bot\venv\Lib\site-packages\discord\client.py", line 472, in _run_event
    await coro(*args, **kwargs)
  File "G:\Projects Big\Programming\Discord bot\main.py", line 277, in on_message
    asyncio.create_task(reset_cooldown(channel_id))
                        ^^^^^^^^^^^^^^
UnboundLocalError: cannot access local variable 'reset_cooldown' where it is not associated with a value
[2025-09-10 21:58:06] [INFO    ] discord: Bot has started
[2025-09-10 21:59:11] [INFO    ] discord: Imagehash exists
[2025-09-10 21:59:11] [WARNING ] discord.client: PyNaCl is not installed, voice will NOT be supported
[2025-09-10 21:59:11] [INFO    ] discord.client: logging in using static token
[2025-09-10 21:59:13] [INFO    ] discord.gateway: Shard ID None has connected to Gateway (Session ID: 9675ff2341ed3e78979dba308a3e292d).
[2025-09-10 21:59:15] [INFO    ] discord: We have logged as Helian#1038
[2025-09-10 21:59:15] [INFO    ] discord: 0.0009982585906982422
[2025-09-10 21:59:15] [INFO    ] discord: None
[2025-09-10 22:02:18] [INFO    ] discord: Bot has started
[2025-09-10 22:02:20] [INFO    ] discord: Imagehash exists
[2025-09-10 22:02:20] [WARNING ] discord.client: PyNaCl is not installed, voice will NOT be supported
[2025-09-10 22:02:20] [INFO    ] discord.client: logging in using static token
[2025-09-10 22:02:24] [INFO    ] discord.gateway: Shard ID None has connected to Gateway (Session ID: 00f16ba4f60b74849e1907ad30fe6b5c).
[2025-09-10 22:02:26] [INFO    ] discord: We have logged as Helian#1038
[2025-09-10 22:02:26] [INFO    ] discord: 0.0
[2025-09-10 22:02:26] [INFO    ] discord: None
[2025-09-10 22:02:52] [INFO    ] discord: Bot has started
[2025-09-11 19:23:22] [INFO    ] discord: Imagehas does not exists. Creating imagehash file
[2025-09-11 19:23:22] [WARNING ] discord.client: PyNaCl is not installed, voice will NOT be supported
[2025-09-11 19:23:22] [INFO    ] discord.client: logging in using static token
[2025-09-11 19:23:25] [INFO    ] discord: Bot has started
[2025-09-11 19:23:39] [INFO    ] discord: Imagehash exists
[2025-09-11 19:23:39] [WARNING ] discord.client: PyNaCl is not installed, voice will NOT be supported
[2025-09-11 19:23:39] [INFO    ] discord.client: logging in using static token
[2025-09-11 19:23:41] [INFO    ] discord.gateway: Shard ID None has connected to Gateway (Session ID: 6ae703da329d271c88800174948023a5).
[2025-09-11 19:23:43] [INFO    ] discord: We have logged as Helian#1038
[2025-09-11 19:23:43] [INFO    ] discord: 0.006529331207275391
[2025-09-11 19:24:03] [INFO    ] discord: None
[2025-09-11 19:24:03] [INFO    ] discord: Link in arts was detected
[2025-09-11 19:24:03] [INFO    ] discord: Simmilar link NOT found
[2025-09-11 19:24:14] [INFO    ] discord: Link in arts was detected
[2025-09-11 19:24:14] [INFO    ] discord: Simmilar link NOT found
[2025-09-11 19:29:02] [INFO    ] discord: Link in arts was detected
[2025-09-11 19:29:02] [INFO    ] discord: Simmilar link NOT found
[2025-09-11 19:29:03] [INFO    ] discord: 3 identical messages detected, replying and enabling cooldown
[2025-09-11 19:29:05] [INFO    ] discord: Link in arts was detected
[2025-09-11 19:29:05] [INFO    ] discord: Simmilar link NOT found
[2025-09-11 19:29:05] [INFO    ] discord: 3 identical messages detected, replying and enabling cooldown
[2025-09-11 19:30:48] [INFO    ] discord: Link in arts was detected
[2025-09-11 19:30:48] [INFO    ] discord: Simmilar link NOT found
[2025-09-11 19:30:50] [INFO    ] discord: Link in arts was detected
[2025-09-11 19:30:50] [INFO    ] discord: Simmilar link NOT found
[2025-09-11 19:35:24] [INFO    ] discord: Bot has started
[2025-09-11 19:35:26] [INFO    ] discord: Imagehash exists
[2025-09-11 19:35:26] [WARNING ] discord.client: PyNaCl is not installed, voice will NOT be supported
[2025-09-11 19:35:26] [INFO    ] discord.client: logging in using static token
[2025-09-11 19:35:30] [INFO    ] discord.gateway: Shard ID None has connected to Gateway (Session ID: 7899f9fa1d6d0472688c451fbd548fa3).
[2025-09-11 19:35:32] [INFO    ] discord: We have logged as Helian#1038
[2025-09-11 19:35:32] [INFO    ] discord: 0.01433420181274414
[2025-09-11 19:35:32] [INFO    ] discord: None
[2025-09-11 19:35:45] [INFO    ] discord: Link in arts was detected
[2025-09-11 19:35:45] [INFO    ] discord: Simmilar link NOT found
[2025-09-11 19:35:48] [INFO    ] discord: Link in arts was detected
[2025-09-11 19:35:48] [INFO    ] discord: Simmilar link NOT found
[2025-09-11 19:36:18] [INFO    ] discord: Bot has started
[2025-09-11 19:36:22] [INFO    ] discord: Imagehash exists
[2025-09-11 19:36:22] [WARNING ] discord.client: PyNaCl is not installed, voice will NOT be supported
[2025-09-11 19:36:22] [INFO    ] discord.client: logging in using static token
[2025-09-11 19:36:23] [INFO    ] discord.gateway: Shard ID None has connected to Gateway (Session ID: 9e94cf7e9800de2cb2f9db9576f440e7).
[2025-09-11 19:36:26] [INFO    ] discord: We have logged as Helian#1038
[2025-09-11 19:36:26] [INFO    ] discord: 0.0010020732879638672
[2025-09-11 19:36:26] [INFO    ] discord: None
[2025-09-11 19:36:36] [INFO    ] discord: Link in arts was detected
[2025-09-11 19:36:37] [INFO    ] discord: Simmilar link found replying
[2025-09-11 19:36:42] [INFO    ] discord: Link in arts was detected
[2025-09-11 19:36:43] [INFO    ] discord: Simmilar link found replying
[2025-09-11 19:37:02] [INFO    ] discord: Bot has started
[2025-09-11 19:37:07] [INFO    ] discord: Imagehash exists
[2025-09-11 19:37:08] [WARNING ] discord.client: PyNaCl is not installed, voice will NOT be supported
[2025-09-11 19:37:08] [INFO    ] discord.client: logging in using static token
[2025-09-11 19:37:09] [INFO    ] discord.gateway: Shard ID None has connected to Gateway (Session ID: 1c4c25f4c191ebb9df0dc5188a066a7a).
[2025-09-11 19:37:11] [INFO    ] discord: We have logged as Helian#1038
[2025-09-11 19:37:11] [INFO    ] discord: 0.0005142688751220703
[2025-09-11 19:37:11] [INFO    ] discord: None
[2025-09-11 19:37:19] [INFO    ] discord: Link in arts was detected
[2025-09-11 19:37:20] [INFO    ] discord: Simmilar link found replying
[2025-09-11 19:37:34] [INFO    ] discord: Bot has started
[2025-09-11 19:37:36] [INFO    ] discord: Imagehas does not exists. Creating imagehash file
[2025-09-11 19:37:36] [WARNING ] discord.client: PyNaCl is not installed, voice will NOT be supported
[2025-09-11 19:37:36] [INFO    ] discord.client: logging in using static token
[2025-09-11 19:37:39] [INFO    ] discord.gateway: Shard ID None has connected to Gateway (Session ID: 1c4da60a5db8ba77386d52a8d66cc2ed).
[2025-09-11 19:37:41] [INFO    ] discord: We have logged as Helian#1038
[2025-09-11 19:37:41] [INFO    ] discord: 0.0010025501251220703
[2025-09-11 19:37:41] [INFO    ] discord: None
[2025-09-11 19:37:50] [INFO    ] discord: Link in arts was detected
[2025-09-11 19:37:51] [INFO    ] discord: Simmilar link found replying
[2025-09-11 19:37:57] [INFO    ] discord: Bot has started
[2025-09-11 19:38:36] [INFO    ] discord: Imagehash exists
[2025-09-11 19:38:36] [WARNING ] discord.client: PyNaCl is not installed, voice will NOT be supported
[2025-09-11 19:38:36] [INFO    ] discord.client: logging in using static token
[2025-09-11 19:38:38] [INFO    ] discord.gateway: Shard ID None has connected to Gateway (Session ID: 85e9d5ebe9dbfa59bbbce33dadff85ed).
[2025-09-11 19:38:40] [INFO    ] discord: We have logged as Helian#1038
[2025-09-11 19:38:40] [INFO    ] discord: 0.0
[2025-09-11 19:38:40] [INFO    ] discord: None
[2025-09-11 19:38:42] [INFO    ] discord: Link in arts was detected
[2025-09-11 19:38:42] [INFO    ] discord: Simmilar link NOT found
[2025-09-11 19:38:44] [INFO    ] discord: Link in arts was detected
[2025-09-11 19:38:44] [INFO    ] discord: Simmilar link found replying
[2025-09-11 19:40:20] [INFO    ] discord: Bot has started
[2025-09-11 19:42:07] [INFO    ] discord: Imagehash exists
[2025-09-11 19:42:07] [WARNING ] discord.client: PyNaCl is not installed, voice will NOT be supported
[2025-09-11 19:42:07] [INFO    ] discord.client: logging in using static token
[2025-09-11 19:42:10] [INFO    ] discord.gateway: Shard ID None has connected to Gateway (Session ID: 5092f2a5f6b42f329be2aea77a0f7f0c).
[2025-09-11 19:42:12] [INFO    ] discord: We have logged as Helian#1038
[2025-09-11 19:42:12] [INFO    ] discord: 0.0026226043701171875
[2025-09-11 19:42:12] [INFO    ] discord: None
[2025-09-11 19:42:15] [INFO    ] discord: Link in arts was detected
[2025-09-11 19:42:17] [INFO    ] discord: Link in arts was detected
[2025-09-11 19:42:18] [INFO    ] discord: Link in arts was detected
[2025-09-11 19:42:20] [INFO    ] discord: 3 identical messages detected, replying and enabling cooldown
[2025-09-11 19:42:32] [INFO    ] discord: Bot has started
[2025-09-11 19:43:12] [INFO    ] discord: Imagehash exists
[2025-09-11 19:43:12] [WARNING ] discord.client: PyNaCl is not installed, voice will NOT be supported
[2025-09-11 19:43:12] [INFO    ] discord.client: logging in using static token
[2025-09-11 19:43:15] [INFO    ] discord.gateway: Shard ID None has connected to Gateway (Session ID: d31d2401eeed44902db1900226204df0).
[2025-09-11 19:43:17] [INFO    ] discord: We have logged as Helian#1038
[2025-09-11 19:43:17] [INFO    ] discord: 0.0005171298980712891
[2025-09-11 19:43:17] [INFO    ] discord: None
[2025-09-11 19:43:21] [INFO    ] discord: 3 identical messages detected, replying and enabling cooldown
[2025-09-11 19:43:25] [INFO    ] discord: 3 identical messages detected, replying and enabling cooldown
[2025-09-11 19:43:35] [INFO    ] discord: Bot has started
[2025-09-11 19:43:43] [INFO    ] discord: Imagehash exists
[2025-09-11 19:43:43] [WARNING ] discord.client: PyNaCl is not installed, voice will NOT be supported
[2025-09-11 19:43:43] [INFO    ] discord.client: logging in using static token
[2025-09-11 19:43:45] [INFO    ] discord.gateway: Shard ID None has connected to Gateway (Session ID: 90ce5813129bedf826346046228bead4).
[2025-09-11 19:43:47] [INFO    ] discord: We have logged as Helian#1038
[2025-09-11 19:43:47] [INFO    ] discord: 0.0005445480346679688
[2025-09-11 19:43:47] [INFO    ] discord: None
[2025-09-11 19:43:58] [INFO    ] discord: Bot has started
[2025-09-11 19:44:45] [INFO    ] discord: Imagehash exists
[2025-09-11 19:44:45] [WARNING ] discord.client: PyNaCl is not installed, voice will NOT be supported
[2025-09-11 19:44:45] [INFO    ] discord.client: logging in using static token
[2025-09-11 19:44:46] [INFO    ] discord.gateway: Shard ID None has connected to Gateway (Session ID: 88c7ee8d5c1b74b5338d2d4080467d21).
[2025-09-11 19:44:48] [INFO    ] discord: We have logged as Helian#1038
[2025-09-11 19:44:48] [INFO    ] discord: 0.0005638599395751953
[2025-09-11 19:44:48] [INFO    ] discord: None
[2025-09-11 19:44:54] [INFO    ] discord: random =150 random reply initiated
[2025-09-11 19:44:57] [INFO    ] discord: random =150 random reply initiated
[2025-09-11 19:45:01] [INFO    ] discord: Bot has started
[2025-09-14 13:01:05] [INFO    ] discord: Imagehash exists
[2025-09-14 13:01:05] [WARNING ] discord.client: PyNaCl is not installed, voice will NOT be supported
[2025-09-14 13:01:05] [INFO    ] discord.client: logging in using static token
[2025-09-14 13:01:08] [INFO    ] discord.gateway: Shard ID None has connected to Gateway (Session ID: 1bcc527027681a5157b7a80489ae019d).
[2025-09-14 13:01:10] [INFO    ] discord: We have logged as Helian#1038
[2025-09-14 13:01:11] [INFO    ] discord: 0.007001399993896484
[2025-09-14 13:01:28] [INFO    ] discord: Gunsmoke time! 🚨🚬 
Do not forget go on boss-battle
[2025-09-14 13:01:37] [INFO    ] discord: Bot has started
[2025-09-14 13:01:43] [INFO    ] discord: Imagehash exists
[2025-09-14 13:01:43] [WARNING ] discord.client: PyNaCl is not installed, voice will NOT be supported
[2025-09-14 13:01:43] [INFO    ] discord.client: logging in using static token
[2025-09-14 13:01:47] [INFO    ] discord.gateway: Shard ID None has connected to Gateway (Session ID: 11b047a50071170b3c5c6ec48ab02eb4).
[2025-09-14 13:01:49] [INFO    ] discord: We have logged as Helian#1038
[2025-09-14 13:01:49] [INFO    ] discord: 0.0
[2025-09-14 13:01:49] [INFO    ] discord: Gunsmoke time! 🚨🚬 
Do not forget go on boss-battle
[2025-09-14 13:01:52] [INFO    ] discord: Bot has started
[2025-09-14 13:03:01] [INFO    ] discord: Imagehash exists
[2025-09-14 13:03:01] [WARNING ] discord.client: PyNaCl is not installed, voice will NOT be supported
[2025-09-14 13:03:01] [INFO    ] discord.client: logging in using static token
[2025-09-14 13:03:05] [INFO    ] discord.gateway: Shard ID None has connected to Gateway (Session ID: a7c72becc4459cd7412cf8b9f4b84b2d).
[2025-09-14 13:03:07] [INFO    ] discord: We have logged as Helian#1038
[2025-09-14 13:03:07] [INFO    ] discord: 0.0009992122650146484
[2025-09-14 13:03:07] [INFO    ] discord: None
[2025-09-14 13:03:08] [INFO    ] discord: Bot has started
[2025-09-14 13:03:10] [INFO    ] discord: Imagehash exists
[2025-09-14 13:03:10] [WARNING ] discord.client: PyNaCl is not installed, voice will NOT be supported
[2025-09-14 13:03:10] [INFO    ] discord.client: logging in using static token
[2025-09-14 13:03:13] [INFO    ] discord.gateway: Shard ID None has connected to Gateway (Session ID: e1628878c0023a5119cb9dafe27eb16e).
[2025-09-14 13:03:15] [INFO    ] discord: We have logged as Helian#1038
[2025-09-14 13:03:15] [INFO    ] discord: 0.0
[2025-09-14 13:03:25] [INFO    ] discord: None
[2025-09-14 13:03:32] [INFO    ] discord: Bot has started
[2025-09-14 13:09:18] [INFO    ] discord: Imagehash exists
[2025-09-14 13:09:18] [WARNING ] discord.client: PyNaCl is not installed, voice will NOT be supported
[2025-09-14 13:09:18] [INFO    ] discord.client: logging in using static token
[2025-09-14 13:09:22] [INFO    ] discord.gateway: Shard ID None has connected to Gateway (Session ID: 9574f79866b07f193124f8646bd47a8b).
[2025-09-14 13:09:24] [INFO    ] discord: We have logged as Helian#1038
[2025-09-14 13:09:24] [INFO    ] discord: 0.016074419021606445
[2025-09-14 13:09:24] [INFO    ] discord: None
[2025-09-14 13:10:35] [INFO    ] discord: Bot has started
[2025-09-14 13:10:37] [INFO    ] discord: Imagehash exists
[2025-09-14 13:10:37] [WARNING ] discord.client: PyNaCl is not installed, voice will NOT be supported
[2025-09-14 13:10:37] [INFO    ] discord.client: logging in using static token
[2025-09-14 13:10:40] [INFO    ] discord.gateway: Shard ID None has connected to Gateway (Session ID: 02c1f5ab0e76a1af4f0093862354e6b7).
[2025-09-14 13:10:42] [INFO    ] discord: We have logged as Helian#1038
[2025-09-14 13:10:42] [INFO    ] discord: 0.0
[2025-09-14 13:10:42] [INFO    ] discord: None
[2025-09-14 13:11:05] [INFO    ] discord: Bot has started
[2025-09-14 13:12:43] [INFO    ] discord: Imagehash exists
[2025-09-14 13:12:43] [WARNING ] discord.client: PyNaCl is not installed, voice will NOT be supported
[2025-09-14 13:12:43] [INFO    ] discord.client: logging in using static token
[2025-09-14 13:12:46] [INFO    ] discord.gateway: Shard ID None has connected to Gateway (Session ID: 90cc36dd77f01935238776b8e65592b2).
[2025-09-14 13:12:48] [INFO    ] discord: We have logged as Helian#1038
[2025-09-14 13:12:48] [INFO    ] discord: 0.018503665924072266
[2025-09-14 13:12:48] [INFO    ] discord: Gunsmoke time! 🚨🚬 
Do not forget go on boss-battle
[2025-09-14 13:13:03] [INFO    ] discord: Bot has started
[2025-09-14 13:14:50] [INFO    ] discord: Imagehash exists
[2025-09-14 13:14:50] [WARNING ] discord.client: PyNaCl is not installed, voice will NOT be supported
[2025-09-14 13:14:50] [INFO    ] discord.client: logging in using static token
[2025-09-14 13:14:52] [INFO    ] discord.gateway: Shard ID None has connected to Gateway (Session ID: 298d8f5729ceb3dc972aa27c54f71e1b).
[2025-09-14 13:14:54] [INFO    ] discord: We have logged as Helian#1038
[2025-09-14 13:14:54] [INFO    ] discord: 0.0005257129669189453
[2025-09-14 13:14:54] [INFO    ] discord: None
[2025-09-14 13:15:03] [INFO    ] discord: Bot has started
[2025-09-22 01:25:33] [INFO    ] discord: Imagehash exists
[2025-09-22 01:25:33] [WARNING ] discord.client: PyNaCl is not installed, voice will NOT be supported
[2025-09-22 01:25:33] [INFO    ] discord.client: logging in using static token
[2025-09-22 01:25:36] [INFO    ] discord.gateway: Shard ID None has connected to Gateway (Session ID: 12900e2fb6484aaa0b219a7e1a7a6db5).
[2025-09-22 01:25:38] [INFO    ] discord: We have logged as Helian#1038
[2025-09-22 01:25:38] [INFO    ] discord: 0.02651357650756836
[2025-09-22 01:25:38] [INFO    ] discord: None
[2025-09-22 01:27:00] [ERROR   ] discord.client: Ignoring exception in on_message
Traceback (most recent call last):
  File "C:\Users\timof\AppData\Local\Packages\PythonSoftwareFoundation.Python.3.11_qbz5n2kfra8p0\LocalCache\local-packages\Python311\site-packages\discord\client.py", line 481, in _run_event
    await coro(*args, **kwargs)
  File "G:\Projects Big\Programming\Discord bot\main.py", line 322, in on_message
    if ("лор волчицы" in content or "лор бураска" in content) and pastasend == False:
                                                                  ^^^^^^^^^
UnboundLocalError: cannot access local variable 'pastasend' where it is not associated with a value
[2025-09-22 01:27:05] [INFO    ] discord: Bot has started
[2025-09-22 01:28:28] [INFO    ] discord: Imagehash exists
[2025-09-22 01:28:28] [WARNING ] discord.client: PyNaCl is not installed, voice will NOT be supported
[2025-09-22 01:28:28] [INFO    ] discord.client: logging in using static token
[2025-09-22 01:28:30] [INFO    ] discord.gateway: Shard ID None has connected to Gateway (Session ID: 84028df39e722e5590c9cf203c7ba155).
[2025-09-22 01:28:32] [INFO    ] discord: We have logged as Helian#1038
[2025-09-22 01:28:32] [INFO    ] discord: 0.0
[2025-09-22 01:28:32] [INFO    ] discord: None
[2025-09-22 01:28:34] [ERROR   ] discord.client: Ignoring exception in on_message
Traceback (most recent call last):
  File "C:\Users\timof\AppData\Local\Packages\PythonSoftwareFoundation.Python.3.11_qbz5n2kfra8p0\LocalCache\local-packages\Python311\site-packages\discord\client.py", line 481, in _run_event
    await coro(*args, **kwargs)
  File "G:\Projects Big\Programming\Discord bot\main.py", line 321, in on_message
    if ("лор волчицы" in content or "лор бураска" in content) and pastasend == False:
                                                                  ^^^^^^^^^
UnboundLocalError: cannot access local variable 'pastasend' where it is not associated with a value
[2025-09-22 01:32:51] [INFO    ] discord: Bot has started
[2025-09-22 01:33:52] [INFO    ] discord: Imagehash exists
[2025-09-22 01:33:52] [WARNING ] discord.client: PyNaCl is not installed, voice will NOT be supported
[2025-09-22 01:33:52] [INFO    ] discord.client: logging in using static token
[2025-09-22 01:33:58] [INFO    ] discord.gateway: Shard ID None has connected to Gateway (Session ID: 7227d2db91b553f6d98b724ccac88b26).
[2025-09-22 01:33:59] [INFO    ] discord: Dodep past was send
[2025-09-22 01:34:00] [INFO    ] discord: We have logged as Helian#1038
[2025-09-22 01:34:00] [INFO    ] discord: 0.008543252944946289
[2025-09-22 01:34:00] [INFO    ] discord: None
[2025-09-22 01:34:29] [INFO    ] discord: Bot has started
